1744964305745:help
1744964309688:hello
1744964313120:exit
1744965607153:help
1744965626320:print-operations
1744965642635:print-user-operations
1744965656704:print-user-operations --userId 1
1744966169240:help
1744966176809:print-user-operations --userId 1
1744966225200:print-user-operations --userId 2
1744966502241:print-user-operations --userId 1
1744967032176:help
1744967038464:print-user-operations --userId 1
1744967064105:print-user-operations --userId 2
1744967992689:print-user-operations --userId1
1744967997977:print-user-operations --userId 1
1744974181529:help
1744974201530:save-user-operations --userId 1 --fileName test.txt
1744977928648:help
1744977937272:save-user-operations --userId 1
1744977948681:save-user-operations --userId 1 --fileName output.pdf
1744978001297:generate-pdf-report --userId 1 --fileName output.pdf
1744978123561:generate-pdf-report --userId 2 --fileName output_user2.pdf
1744978526594:generate-pdf-report --userId 1 --fileName output.pdf
1745004265227:help
1745004276298:generate-pdf-report
1745004283842:generate-pdf-report --help
1745004307581:generate-pdf-report --userId 2 --fileName test.pdf --uploadToS3 true
1745005486282:help
1745005495105:add-user-operation
1745005542735:help
1745005564713:generate-pdf-report --userId 5 --fileName user5 --saveToS3 true
1745005584953:generate-pdf-report --help
1745005587227:shell:>generate-pdf-report --userId 5 --fileName user5
1745005597201:shell:>generate-pdf-report --userId 5 --fileName user5 --uploadToS3 true
1745005604033:generate-pdf-report --userId 5 --fileName user5 --uploadToS3 true
1745006153632:help
1745006170505:print-user-operations
1745006180224:print-user-operations --userId 3
1745006209506:generate-pdf-report --userId 3 --uploadToS3 true --fileName user3.pdf
